<?xml version="1.0" encoding="UTF-8"?>
<testsuite name="Stage2Test" tests="1" skipped="0" failures="0" errors="0" timestamp="2023-08-11T16:45:36" hostname="lt" time="0.37">
  <properties/>
  <testcase name="start" classname="Stage2Test" time="0.37"/>
  <system-out><![CDATA[?[1;31m
Start test 1?[0m
Welcome to Crossword Scrabble


Bag: AAAAAAAAABBCCDDDDEEEEEEEEEEEEFFGGGHHIIIIIIIIIJKLLLLMMNNNNNNOOOOOOOOPPQRRRRRRSSSSTTTTTTUUUUVVWWXYYZ**

What would you like to do?

A. Shuffle

B. Pick

C. Exit


> A

Bag: QATEPLCA*SLYREAGCNUDITOAUWBORDNFPGANTIXRWKETTA*RIUEHODEELEUGNETZEBSIOROAEOLYEMNONIESAVIHDRVFIOIMAJIS

What would you like to do?

A. Shuffle

B. Pick

C. Exit


> a

Bag: ERGTOIVRLNMDUASITGJUUIZXDEERNFAVIOEITWGNISADEOI*EAEPPRCTHOKEEATILQN*ROTMYSCBNUFIENLSBALAREAODAHEYWOO

What would you like to do?

A. Shuffle

B. Pick

C. Exit


> Shuffle

Bag: OORTRERDMRGGEWPIFLCIVIATONSSOPOIRTLQANUDDIJASENANVHNTEAAUAZKBYESNRA*EWEEULMHLEOYGITDIOTXUB*IAECEOEIF

What would you like to do?

A. Shuffle

B. Pick

C. Exit


> shuffle

Bag: AOTEILTUQECENOBOIRTNVEAEWINROGUEACSREL*AETPZROMIWLHADEVGUBOTSSHIEDNAIX*AAOYIESRJFOUIMINPYFLDNRTGEKDA

What would you like to do?

A. Shuffle

B. Pick

C. Exit


> pick

Tray: AP*AANI

Bag: OTELTUQECEOBOIRTNVEEWINROGUECSRELAETZROMIWLHADEVGUBOTSSHIEDNAIX*AAOYIESRJFOUIMINPYFLDNRTGEKDA

What would you like to do?

A. Shuffle

B. Pick

C. Exit


> A

Tray: AP*AANI

Bag: ORAEONYDNVEIAGRNNRUILNLFEMAEUOVGMTZPEITCFBKWSCTOT*XUUHDOOIBSEITSDAEGTRODWLEIELARIEQJOYEHEAIRS

What would you like to do?

A. Shuffle

B. Pick

C. Exit


> pick

Tray: AP*AANIEUETRI*

Bag: OAONYDNVAGRNNRILNLFEMAEUOVGMZPEITCFBKWSCTOTXUUHDOOIBSEITSDAEGTRODWLEIELARIEQJOYEHEAIRS

What would you like to do?

A. Shuffle

B. Pick

C. Exit


> A

Tray: AP*AANIEUETRI*

Bag: YSWLPEEOEHNOTBEUNMLTXSMDAFAIHODNIEOIJIGRFACLOEELRTOICNEVVRETAOYEGIROBATWUNIDQAUGDZSSRK

What would you like to do?

A. Shuffle

B. Pick

C. Exit


> pick

Tray: AP*AANIEUETRI*TDZHATT

Bag: YSWLPEEOENOBEUNMLXSMFAIHODNIEOIJIGRFACLOEELROICNEVVRETAOYEGIROBATWUNIDQAUGDSSRK

What would you like to do?

A. Shuffle

B. Pick

C. Exit


> A

Tray: AP*AANIEUETRI*TDZHATT

Bag: EUAIOUAEOSNYHSRXDTRNLDNVIEENPIOSWIRFGEGVOMYORACJLOLDLNOFEKIRUAEISOWMEECBTAIGEQB

What would you like to do?

A. Shuffle

B. Pick

C. Exit


> b

Tray: AP*AANIEUETRI*TDZHATTENRWXOR

Bag: UAIUAEOSYHSDTNLDNVIEENPIOSIRFGEGVOMYORACJLOLDLNOFEKIRUAEISOWMEECBTAIGEQB

What would you like to do?

A. Shuffle

B. Pick

C. Exit


> A

Tray: AP*AANIEUETRI*TDZHATTENRWXOR

Bag: YDRENIUEVOLCEBFAHONISACUJDEOLOGIIDKEAESOLAPNILSTAGFTOENVMQBGEIMWIEROUYRS

What would you like to do?

A. Shuffle

B. Pick

C. Exit


> E

Invalid Command.
What would you like to do?

A. Shuffle

B. Pick

C. Exit


> B pick

Invalid Command.
What would you like to do?

A. Shuffle

B. Pick

C. Exit


> pick

Tray: AP*AANIEUETRI*TDZHATTENRWXORUYSCRYI

Bag: DENEVOLEBFAHONIACUJDEOLOGIIDKEAESOLAPNILSTAGFTOENVMQBGEIMWIEROURS

What would you like to do?

A. Shuffle

B. Pick

C. Exit


> A

Tray: AP*AANIEUETRI*TDZHATTENRWXORUYSCRYI

Bag: IISEEADBLESOMLEGKAFAPNUSOLDIRITFOEAORGGNEVTVIMQNAHCWOJELEOUNEOIBD

What would you like to do?

A. Shuffle

B. Pick

C. Exit


> pick

Tray: AP*AANIEUETRI*TDZHATTENRWXORUYSCRYIEAEDGDL

Bag: IISBESOMLEKAFAPNUSOLIRITFOEAORGGNEVTVIMQNAHCWOJELEOUNEOIBD

What would you like to do?

A. Shuffle

B. Pick

C. Exit


> A

Tray: AP*AANIEUETRI*TDZHATTENRWXORUYSCRYIEAEDGDL

Bag: EEVNGALOHRJFWMEEONECEAMOQIAIUOBOKSSININSVAEFLRTOPIDUBOLGIT

What would you like to do?

A. Shuffle

B. Pick

C. Exit


> pick

Tray: AP*AANIEUETRI*TDZHATTENRWXORUYSCRYIEAEDGDLQEIIOEL

Bag: VNGAHRJFWMEEONECEAMOAUOBOKSSININSVAEFLRTOPIDUBOLGIT

What would you like to do?

A. Shuffle

B. Pick

C. Exit


> A

Tray: AP*AANIEUETRI*TDZHATTENRWXORUYSCRYIEAEDGDLQEIIOEL

Bag: AEPAOIGOEHGUAMDOISJNEEIAFRRMOCFNTKBLWOISBVUVETNOLNS

What would you like to do?

A. Shuffle

B. Pick

C. Exit


> pick

Tray: AP*AANIEUETRI*TDZHATTENRWXORUYSCRYIEAEDGDLQEIIOELSILNESE

Bag: APAOGOHGUAMDOIJEEIAFRRMOCFNTKBWOIBVUVETNOLNS

What would you like to do?

A. Shuffle

B. Pick

C. Exit


> A

Tray: AP*AANIEUETRI*TDZHATTENRWXORUYSCRYIEAEDGDLQEIIOELSILNESE

Bag: GJEHIROAAIPTKBIAOSFTLNAONRMOOVNUWDVOEGEMBCFU

What would you like to do?

A. Shuffle

B. Pick

C. Exit


> pick

Tray: AP*AANIEUETRI*TDZHATTENRWXORUYSCRYIEAEDGDLQEIIOELSILNESECOHSFIO

Bag: GJERAAIPTKBIATLNAONRMOOVNUWDVOEGEMBFU

What would you like to do?

A. Shuffle

B. Pick

C. Exit


> A

Tray: AP*AANIEUETRI*TDZHATTENRWXORUYSCRYIEAEDGDLQEIIOELSILNESECOHSFIO

Bag: EAOAGONTKBVBDTPGUOANMRNOMUEREIIFJALVW

What would you like to do?

A. Shuffle

B. Pick

C. Exit


> pick

Tray: AP*AANIEUETRI*TDZHATTENRWXORUYSCRYIEAEDGDLQEIIOELSILNESECOHSFIOPARKUML

Bag: EOAGONTBVBDTGOANNOMUEREIIFJAVW

What would you like to do?

A. Shuffle

B. Pick

C. Exit


> A

Tray: AP*AANIEUETRI*TDZHATTENRWXORUYSCRYIEAEDGDLQEIIOELSILNESECOHSFIOPARKUML

Bag: GAVOAAGJOONRNEBMUVTFWOIDTBEINE

What would you like to do?

A. Shuffle

B. Pick

C. Exit


> pick

Tray: AP*AANIEUETRI*TDZHATTENRWXORUYSCRYIEAEDGDLQEIIOELSILNESECOHSFIOPARKUMLADBVWVE

Bag: GOAAGJOONRNMUTFOITBEINE

What would you like to do?

A. Shuffle

B. Pick

C. Exit


> A

Tray: AP*AANIEUETRI*TDZHATTENRWXORUYSCRYIEAEDGDLQEIIOELSILNESECOHSFIOPARKUMLADBVWVE

Bag: GMRJFONBGENOUIATNIEAOTO

What would you like to do?

A. Shuffle

B. Pick

C. Exit


> pick

Tray: AP*AANIEUETRI*TDZHATTENRWXORUYSCRYIEAEDGDLQEIIOELSILNESECOHSFIOPARKUMLADBVWVEJGINEOO

Bag: MRFBGNUATNIEAOTO

What would you like to do?

A. Shuffle

B. Pick

C. Exit


> A

Tray: AP*AANIEUETRI*TDZHATTENRWXORUYSCRYIEAEDGDLQEIIOELSILNESECOHSFIOPARKUMLADBVWVEJGINEOO

Bag: MRNEONTOUIBGTAFA

What would you like to do?

A. Shuffle

B. Pick

C. Exit


> pick

Tray: AP*AANIEUETRI*TDZHATTENRWXORUYSCRYIEAEDGDLQEIIOELSILNESECOHSFIOPARKUMLADBVWVEJGINEOOAFEBNUO

Bag: MRNTOIGTA

What would you like to do?

A. Shuffle

B. Pick

C. Exit


> A

Tray: AP*AANIEUETRI*TDZHATTENRWXORUYSCRYIEAEDGDLQEIIOELSILNESECOHSFIOPARKUMLADBVWVEJGINEOOAFEBNUO

Bag: TIGRAONMT

What would you like to do?

A. Shuffle

B. Pick

C. Exit


> pick

Tray: AP*AANIEUETRI*TDZHATTENRWXORUYSCRYIEAEDGDLQEIIOELSILNESECOHSFIOPARKUMLADBVWVEJGINEOOAFEBNUOTANGOIM

Bag: RT

What would you like to do?

A. Shuffle

B. Pick

C. Exit


> A

Tray: AP*AANIEUETRI*TDZHATTENRWXORUYSCRYIEAEDGDLQEIIOELSILNESECOHSFIOPARKUMLADBVWVEJGINEOOAFEBNUOTANGOIM

Bag: TR

What would you like to do?

A. Shuffle

B. Pick

C. Exit


> pick

Tray: AP*AANIEUETRI*TDZHATTENRWXORUYSCRYIEAEDGDLQEIIOELSILNESECOHSFIOPARKUMLADBVWVEJGINEOOAFEBNUOTANGOIMTR

Bag: 

What would you like to do?

A. Shuffle

B. Pick

C. Exit


> A
The bag is empty.

Tray: AP*AANIEUETRI*TDZHATTENRWXORUYSCRYIEAEDGDLQEIIOELSILNESECOHSFIOPARKUMLADBVWVEJGINEOOAFEBNUOTANGOIMTR

Bag: 

What would you like to do?

A. Shuffle

B. Pick

C. Exit


> pick

No more tiles to pick.

Tray: AP*AANIEUETRI*TDZHATTENRWXORUYSCRYIEAEDGDLQEIIOELSILNESECOHSFIOPARKUMLADBVWVEJGINEOOAFEBNUOTANGOIMTR

Bag: 

What would you like to do?

A. Shuffle

B. Pick

C. Exit


> A
The bag is empty.

Tray: AP*AANIEUETRI*TDZHATTENRWXORUYSCRYIEAEDGDLQEIIOELSILNESECOHSFIOPARKUMLADBVWVEJGINEOOAFEBNUOTANGOIMTR

Bag: 

What would you like to do?

A. Shuffle

B. Pick

C. Exit


> pick

No more tiles to pick.

Tray: AP*AANIEUETRI*TDZHATTENRWXORUYSCRYIEAEDGDLQEIIOELSILNESECOHSFIOPARKUMLADBVWVEJGINEOOAFEBNUOTANGOIMTR

Bag: 

What would you like to do?

A. Shuffle

B. Pick

C. Exit


> A
The bag is empty.

Tray: AP*AANIEUETRI*TDZHATTENRWXORUYSCRYIEAEDGDLQEIIOELSILNESECOHSFIOPARKUMLADBVWVEJGINEOOAFEBNUOTANGOIMTR

Bag: 

What would you like to do?

A. Shuffle

B. Pick

C. Exit


> pick

No more tiles to pick.

Tray: AP*AANIEUETRI*TDZHATTENRWXORUYSCRYIEAEDGDLQEIIOELSILNESECOHSFIOPARKUMLADBVWVEJGINEOOAFEBNUOTANGOIMTR

Bag: 

What would you like to do?

A. Shuffle

B. Pick

C. Exit


> A
The bag is empty.

Tray: AP*AANIEUETRI*TDZHATTENRWXORUYSCRYIEAEDGDLQEIIOELSILNESECOHSFIOPARKUMLADBVWVEJGINEOOAFEBNUOTANGOIMTR

Bag: 

What would you like to do?

A. Shuffle

B. Pick

C. Exit


> pick

No more tiles to pick.

Tray: AP*AANIEUETRI*TDZHATTENRWXORUYSCRYIEAEDGDLQEIIOELSILNESECOHSFIOPARKUMLADBVWVEJGINEOOAFEBNUOTANGOIMTR

Bag: 

What would you like to do?

A. Shuffle

B. Pick

C. Exit


> A
The bag is empty.

Tray: AP*AANIEUETRI*TDZHATTENRWXORUYSCRYIEAEDGDLQEIIOELSILNESECOHSFIOPARKUMLADBVWVEJGINEOOAFEBNUOTANGOIMTR

Bag: 

What would you like to do?

A. Shuffle

B. Pick

C. Exit


> C

Bye.
Welcome to Crossword Scrabble


Bag: AAAAAAAAABBCCDDDDEEEEEEEEEEEEFFGGGHHIIIIIIIIIJKLLLLMMNNNNNNOOOOOOOOPPQRRRRRRSSSSTTTTTTUUUUVVWWXYYZ**

What would you like to do?

A. Shuffle

B. Pick

C. Exit


> exIt

Bye.
?[1;31m
Start test 2?[0m
Welcome to Crossword Scrabble


Bag: AAAAAAAAABBCCDDDDEEEEEEEEEEEEFFGGGHHIIIIIIIIIJKLLLLMMNNNNNNOOOOOOOOPPQRRRRRRSSSSTTTTTTUUUUVVWWXYYZ**

What would you like to do?

A. Shuffle

B. Pick

C. Exit


> c

Bye.
?[1;31m
Start test 3?[0m
Welcome to Crossword Scrabble


Bag: AAAAAAAAABBCCDDDDEEEEEEEEEEEEFFGGGHHIIIIIIIIIJKLLLLMMNNNNNNOOOOOOOOPPQRRRRRRSSSSTTTTTTUUUUVVWWXYYZ**

What would you like to do?

A. Shuffle

B. Pick

C. Exit


> exIt

Bye.
?[1;31m
Start test 4?[0m
Welcome to Crossword Scrabble


Bag: AAAAAAAAABBCCDDDDEEEEEEEEEEEEFFGGGHHIIIIIIIIIJKLLLLMMNNNNNNOOOOOOOOPPQRRRRRRSSSSTTTTTTUUUUVVWWXYYZ**

What would you like to do?

A. Shuffle

B. Pick

C. Exit


> C

Bye.
?[1;31m
Start test 5?[0m
Welcome to Crossword Scrabble


Bag: AAAAAAAAABBCCDDDDEEEEEEEEEEEEFFGGGHHIIIIIIIIIJKLLLLMMNNNNNNOOOOOOOOPPQRRRRRRSSSSTTTTTTUUUUVVWWXYYZ**

What would you like to do?

A. Shuffle

B. Pick

C. Exit


> a

Bag: JORLATABLPDDRNNDEEEMYUATOEFOCOGMVRTSWILRIITIOIVKIQNEEAUEAASECII*FOADEIWAOGPNYAEHORHSLZ*XERUETSUBTNGN

What would you like to do?

A. Shuffle

B. Pick

C. Exit


?[1;31m
Start test 6?[0m
Welcome to Crossword Scrabble


Bag: AAAAAAAAABBCCDDDDEEEEEEEEEEEEFFGGGHHIIIIIIIIIJKLLLLMMNNNNNNOOOOOOOOPPQRRRRRRSSSSTTTTTTUUUUVVWWXYYZ**

What would you like to do?

A. Shuffle

B. Pick

C. Exit


> sHuffle

Bag: IOAENGEFM*AIOHOEAJKIINRWROOGXEOIEZRADUTUEMNISRBPUHOTEDSYUOBFINSDNEAESPWIA*CETTRTRGLAIVENVLLALDQCATEY

What would you like to do?

A. Shuffle

B. Pick

C. Exit


?[1;31m
Start test 7?[0m
Welcome to Crossword Scrabble


Bag: AAAAAAAAABBCCDDDDEEEEEEEEEEEEFFGGGHHIIIIIIIIIJKLLLLMMNNNNNNOOOOOOOOPPQRRRRRRSSSSTTTTTTUUUUVVWWXYYZ**

What would you like to do?

A. Shuffle

B. Pick

C. Exit


> A

Bag: SOZLEGAEILVIAPBEVOUINIFEGXUNTSCDMEGWFARUATDTKIEJAROE*MTEIOSDOAWITHRNONRONYO*ECHTEIASYNBQAIAEDULERPLR

What would you like to do?

A. Shuffle

B. Pick

C. Exit


?[1;31m
Start test 8?[0m
Welcome to Crossword Scrabble


Bag: AAAAAAAAABBCCDDDDEEEEEEEEEEEEFFGGGHHIIIIIIIIIJKLLLLMMNNNNNNOOOOOOOOPPQRRRRRRSSSSTTTTTTUUUUVVWWXYYZ**

What would you like to do?

A. Shuffle

B. Pick

C. Exit


> b

Tray: TIDVETA

Bag: AAAAAAAABBCCDDDEEEEEEEEEEEFFGGGHHIIIIIIIIJKLLLLMMNNNNNNOOOOOOOOPPQRRRRRRSSSSTTTTUUUUVWWXYYZ**

What would you like to do?

A. Shuffle

B. Pick

C. Exit


?[1;31m
Start test 9?[0m
Welcome to Crossword Scrabble


Bag: AAAAAAAAABBCCDDDDEEEEEEEEEEEEFFGGGHHIIIIIIIIIJKLLLLMMNNNNNNOOOOOOOOPPQRRRRRRSSSSTTTTTTUUUUVVWWXYYZ**

What would you like to do?

A. Shuffle

B. Pick

C. Exit


> pick

Tray: YINCFNT

Bag: AAAAAAAAABBCDDDDEEEEEEEEEEEEFGGGHHIIIIIIIIJKLLLLMMNNNNOOOOOOOOPPQRRRRRRSSSSTTTTTUUUUVVWWXYZ**

What would you like to do?

A. Shuffle

B. Pick

C. Exit


?[1;31m
Start test 10?[0m
Welcome to Crossword Scrabble


Bag: AAAAAAAAABBCCDDDDEEEEEEEEEEEEFFGGGHHIIIIIIIIIJKLLLLMMNNNNNNOOOOOOOOPPQRRRRRRSSSSTTTTTTUUUUVVWWXYYZ**

What would you like to do?

A. Shuffle

B. Pick

C. Exit


> picK

Tray: EXAEDPA

Bag: AAAAAAABBCCDDDEEEEEEEEEEFFGGGHHIIIIIIIIIJKLLLLMMNNNNNNOOOOOOOOPQRRRRRRSSSSTTTTTTUUUUVVWWYYZ**

What would you like to do?

A. Shuffle

B. Pick

C. Exit


?[1;31m
Start test 11?[0m
Welcome to Crossword Scrabble


Bag: AAAAAAAAABBCCDDDDEEEEEEEEEEEEFFGGGHHIIIIIIIIIJKLLLLMMNNNNNNOOOOOOOOPPQRRRRRRSSSSTTTTTTUUUUVVWWXYYZ**

What would you like to do?

A. Shuffle

B. Pick

C. Exit


> B

Tray: TOUGAON

Bag: AAAAAAAABBCCDDDDEEEEEEEEEEEEFFGGHHIIIIIIIIIJKLLLLMMNNNNNOOOOOOPPQRRRRRRSSSSTTTTTUUUVVWWXYYZ**

What would you like to do?

A. Shuffle

B. Pick

C. Exit


]]></system-out>
  <system-err><![CDATA[]]></system-err>
</testsuite>
